
==================== Starting Flashscore Basketball Scraper ====================
Exception managing chrome: error sending request for url (https://googlechromelabs.github.io/chrome-for-testing/known-good-versions-with-downloads.json): error trying to connect: dns error: No such host is known. (os error 11001)
Error sending stats to Plausible: error sending request for url (https://plausible.io/api/event): error trying to connect: dns error: No such host is known. (os error 11001)
WebDriver initialized successfully
JSON file not found at output\json\matches_20250619.json - starting fresh
Error loading main page: Message: unknown error: net::ERR_INTERNET_DISCONNECTED
  (Session info: chrome=137.0.7151.104)
Stacktrace:
	GetHandleVerifier [0x0x7ff65520fe75+79173]
	GetHandleVerifier [0x0x7ff65520fed0+79264]
	(No symbol) [0x0x7ff654fc9e5a]
	(No symbol) [0x0x7ff654fc6874]
	(No symbol) [0x0x7ff654fb7589]
	(No symbol) [0x0x7ff654fb9331]
	(No symbol) [0x0x7ff654fb78a6]
	(No symbol) [0x0x7ff654fb7306]
	(No symbol) [0x0x7ff654fb6fca]
	(No symbol) [0x0x7ff654fb4b9f]
	(No symbol) [0x0x7ff654fb541c]
	(No symbol) [0x0x7ff654fcde0a]
	(No symbol) [0x0x7ff655071dfe]
	(No symbol) [0x0x7ff65504896a]
	(No symbol) [0x0x7ff65507100d]
	(No symbol) [0x0x7ff655048743]
	(No symbol) [0x0x7ff6550114c1]
	(No symbol) [0x0x7ff655012253]
	GetHandleVerifier [0x0x7ff6554da2ad+3004797]
	GetHandleVerifier [0x0x7ff6554d46fd+2981325]
	GetHandleVerifier [0x0x7ff6554f3350+3107360]
	GetHandleVerifier [0x0x7ff65522a9fe+188622]
	GetHandleVerifier [0x0x7ff65523228f+219487]
	GetHandleVerifier [0x0x7ff655218dc4+115860]
	GetHandleVerifier [0x0x7ff655218f79+116297]
	GetHandleVerifier [0x0x7ff6551ff528+11256]
	BaseThreadInitThunk [0x0x7ffd2edd259d+29]
	RtlUserThreadStart [0x0x7ffd2faeaf78+40]

❌ Failed to load main page - aborting
WebDriver closed successfully
No matches to save
WebDriver initialized successfully
WebDriver closed successfully
WebDriver initialized successfully
WebDriver closed successfully
WebDriver initialized successfully
WebDriver closed successfully
WebDriver initialized successfully
WebDriver closed successfully
WebDriver initialized successfully
WebDriver closed successfully
WebDriver initialized successfully
WebDriver closed successfully
WebDriver initialized successfully
WebDriver closed successfully
WebDriver initialized successfully
WebDriver closed successfully
WebDriver initialized successfully
WebDriver closed successfully
WebDriver initialized successfully
WebDriver closed successfully
WebDriver initialized successfully
WebDriver closed successfully
WebDriver initialized successfully
WebDriver closed successfully
WebDriver initialized successfully
WebDriver closed successfully
WebDriver initialized successfully
WebDriver closed successfully
WebDriver initialized successfully
WebDriver closed successfully
