
==================== Starting Flashscore Basketball Scraper ====================
WebDriver initialized successfully
Found 9 scheduled matches
✓ Found 9 scheduled matches
--------------------------------------------------------------------------------

==================== Processing Match ldcciymo [1/9] ====================
--------------------------------------------------------------------
✓ Successfully processed match ldcciymo in 62.40 seconds
--------------------------------------------------------------------
Failed to save match ldcciymo to JSON: 'MatchOddsModel' object has no attribute 'home_odds'

Fetching basic details for match ldcciymo...
✓ Teams: Turkey W vs France W
✓ Date: 2025-06-18
✓ Time: 17:30:00
✓ Competition: EUROPE - EUROBASKET WOMEN - ROUND 1

Retrieving odds data for match {match.match_id}...
✓ Home/Away odds: 9.4 / 1.04

Over/Under Total:
✓ Selected Over/Under: 136.5 (O=1.86, U=1.88)

Fetching head-to-head (H2H) data for match ldcciymo...
Clicking 'Show more' button
✓ 14/06/2019	France W		65  vs  74	Turkey W
✓ 26/09/2018	France W		78  vs  61	Turkey W
✓ 06/08/2016	Turkey W		39  vs  55	France W
✓ 17/07/2016	France W		62  vs  54	Turkey W
✓ 16/07/2016	France W		63  vs  56	Turkey W
✓ 19/06/2015	France W		56  vs  66	Turkey W

==================== Processing Match voCu4EWj [2/9] ====================
Retrying (Retry(total=2, connect=None, read=None, redirect=None, status=None)) after connection broken by 'ConnectionResetError(10054, 'An existing connection was forcibly closed by the remote host', None, 10054, None)': /session/3b58d7844877049d9f9e6d8f03174817

==================== Starting Flashscore Basketball Scraper ====================
WebDriver initialized successfully
Found 9 scheduled matches
✓ Found 9 scheduled matches
--------------------------------------------------------------------------------

==================== Processing Match ldcciymo [1/9] ====================
--------------------------------------------------------------------
✓ Successfully processed match ldcciymo in 68.74 seconds
--------------------------------------------------------------------
Saved 1 new and 0 updated matches to output\json\matches_20250618.json
✓ Saved match ldcciymo to output\json\matches_20250618.json

Fetching basic details for match ldcciymo...
✓ Teams: Turkey W vs France W
✓ Date: 2025-06-18
✓ Time: 17:30:00
✓ Competition: EUROPE - EUROBASKET WOMEN - ROUND 1

Retrieving odds data for match {match.match_id}...
✓ Home/Away odds: 9.8 / 1.03

Over/Under Total:
✓ Selected Over/Under: 137.0 (O=1.85, U=1.89)

Fetching head-to-head (H2H) data for match ldcciymo...
Clicking 'Show more' button
✓ 14/06/2019	France W		65  vs  74	Turkey W
✓ 26/09/2018	France W		78  vs  61	Turkey W
✓ 06/08/2016	Turkey W		39  vs  55	France W
✓ 17/07/2016	France W		62  vs  54	Turkey W
✓ 16/07/2016	France W		63  vs  56	Turkey W
✓ 19/06/2015	France W		56  vs  66	Turkey W

==================== Processing Match voCu4EWj [2/9] ====================
--------------------------------------------------------------------
✓ Successfully processed match voCu4EWj in 62.34 seconds
--------------------------------------------------------------------
Saved 1 new and 0 updated matches to output\json\matches_20250618.json
✓ Saved match voCu4EWj to output\json\matches_20250618.json

Fetching basic details for match voCu4EWj...
✓ Teams: Slovenia W vs Lithuania W
✓ Date: 2025-06-18
✓ Time: 18:30:00
✓ Competition: EUROPE - EUROBASKET WOMEN - ROUND 1

Retrieving odds data for match {match.match_id}...
✓ Home/Away odds: 1.17 / 4.78

Over/Under Total:
✓ Selected Over/Under: 140.75 (O=1.84, U=1.97)

Fetching head-to-head (H2H) data for match voCu4EWj...
✓ 03/08/2024	Slovenia W		84  vs  70	Lithuania W
✓ 02/08/2024	Slovenia W		90  vs  90	Lithuania W
✓ 19/11/2016	Slovenia W		75  vs  54	Lithuania W
✓ 25/11/2015	Lithuania W		64  vs  73	Slovenia W
✓ 04/07/2012	Lithuania W		65  vs  46	Slovenia W
✓ 16/06/2012	Slovenia W		79  vs  68	Lithuania W

==================== Processing Match hQBRdcPN [3/9] ====================
Retrying (Retry(total=2, connect=None, read=None, redirect=None, status=None)) after connection broken by 'ConnectionResetError(10054, 'An existing connection was forcibly closed by the remote host', None, 10054, None)': /session/4c3636a8206cff2da854d9beef781d50
Retrying (Retry(total=1, connect=None, read=None, redirect=None, status=None)) after connection broken by 'NewConnectionError('<urllib3.connection.HTTPConnection object at 0x00000275746293D0>: Failed to establish a new connection: [WinError 10061] No connection could be made because the target machine actively refused it')': /session/4c3636a8206cff2da854d9beef781d50

==================== Starting Flashscore Basketball Scraper ====================
WebDriver initialized successfully
Found 9 scheduled matches
✓ Found 9 scheduled matches
--------------------------------------------------------------------------------

==================== Processing Match ldcciymo [1/9] ====================
Error loading existing matches from output\json\matches_20250618.json: Expecting value: line 1 column 1 (char 0)
Retrying (Retry(total=2, connect=None, read=None, redirect=None, status=None)) after connection broken by 'ConnectionResetError(10054, 'An existing connection was forcibly closed by the remote host', None, 10054, None)': /session/54b6252974784ffa802a599ed17e4344

==================== Starting Flashscore Basketball Scraper ====================
WebDriver initialized successfully
Found 9 scheduled matches
✓ Found 9 scheduled matches
--------------------------------------------------------------------------------

==================== Processing Match ldcciymo [1/9] ====================
--------------------------------------------------------------------
✓ Successfully processed match ldcciymo in 76.12 seconds
--------------------------------------------------------------------
Saved 1 complete matches to output\json\matches_20250618.json (0 incomplete matches skipped)
✓ Saved match ldcciymo to output\json\matches_20250618.json

Fetching basic details for match ldcciymo...
✓ Teams: Turkey W vs France W
✓ Date: 2025-06-18
✓ Time: 17:30:00
✓ Competition: EUROPE - EUROBASKET WOMEN - ROUND 1

Retrieving odds data for match {match.match_id}...
✓ Home/Away odds: 9.8 / 1.03

Over/Under Total:
✓ Selected Over/Under: 136.25 (O=1.83, U=1.98)

Fetching head-to-head (H2H) data for match ldcciymo...
Clicking 'Show more' button
✓ 14/06/2019	France W		65  vs  74	Turkey W
✓ 26/09/2018	France W		78  vs  61	Turkey W
✓ 06/08/2016	Turkey W		39  vs  55	France W
✓ 17/07/2016	France W		62  vs  54	Turkey W
✓ 16/07/2016	France W		63  vs  56	Turkey W
✓ 19/06/2015	France W		56  vs  66	Turkey W

==================== Processing Match voCu4EWj [2/9] ====================
--------------------------------------------------------------------
✓ Successfully processed match voCu4EWj in 62.10 seconds
--------------------------------------------------------------------
Saved 1 complete matches to output\json\matches_20250618.json (0 incomplete matches skipped)
✓ Saved match voCu4EWj to output\json\matches_20250618.json

Fetching basic details for match voCu4EWj...
✓ Teams: Slovenia W vs Lithuania W
✓ Date: 2025-06-18
✓ Time: 18:30:00
✓ Competition: EUROPE - EUROBASKET WOMEN - ROUND 1

Retrieving odds data for match {match.match_id}...
✓ Home/Away odds: 1.17 / 4.78

Over/Under Total:
✓ Selected Over/Under: 140.75 (O=1.84, U=1.97)

Fetching head-to-head (H2H) data for match voCu4EWj...
✓ 03/08/2024	Slovenia W		84  vs  70	Lithuania W
✓ 02/08/2024	Slovenia W		90  vs  90	Lithuania W
✓ 19/11/2016	Slovenia W		75  vs  54	Lithuania W
✓ 25/11/2015	Lithuania W		64  vs  73	Slovenia W
✓ 04/07/2012	Lithuania W		65  vs  46	Slovenia W
✓ 16/06/2012	Slovenia W		79  vs  68	Lithuania W

==================== Processing Match hQBRdcPN [3/9] ====================
Retrying (Retry(total=2, connect=None, read=None, redirect=None, status=None)) after connection broken by 'ConnectionResetError(10054, 'An existing connection was forcibly closed by the remote host', None, 10054, None)': /session/9a15f4ca8fa5ad5b8ab506ca516c66fc

==================== Starting Flashscore Basketball Scraper ====================
WebDriver initialized successfully
Found 8 scheduled matches
✓ Found 8 scheduled matches
--------------------------------------------------------------------------------

==================== Processing Match voCu4EWj [1/8] ====================
--------------------------------------------------------------------
✓ Successfully processed match voCu4EWj in 58.44 seconds
--------------------------------------------------------------------
Saved 1 complete matches to output\json\matches_20250618.json (0 incomplete matches skipped)
✓ Saved match voCu4EWj to output\json\matches_20250618.json

Fetching basic details for match voCu4EWj...
✓ Teams: Slovenia W vs Lithuania W
✓ Date: 2025-06-18
✓ Time: 18:30:00
✓ Competition: EUROPE - EUROBASKET WOMEN - ROUND 1

Retrieving odds data for match {match.match_id}...
✓ Home/Away odds: 1.17 / 4.78

Over/Under Total:
✓ Selected Over/Under: 140.75 (O=1.84, U=1.97)

Fetching head-to-head (H2H) data for match voCu4EWj...
✓ 03/08/2024	Slovenia W		84  vs  70	Lithuania W
✓ 02/08/2024	Slovenia W		90  vs  90	Lithuania W
✓ 19/11/2016	Slovenia W		75  vs  54	Lithuania W
✓ 25/11/2015	Lithuania W		64  vs  73	Slovenia W
✓ 04/07/2012	Lithuania W		65  vs  46	Slovenia W
✓ 16/06/2012	Slovenia W		79  vs  68	Lithuania W

==================== Processing Match hQBRdcPN [2/8] ====================
--------------------------------------------------------------------
✓ Successfully processed match hQBRdcPN in 111.01 seconds
--------------------------------------------------------------------
Saved 0 complete matches to output\json\matches_20250618.json (1 incomplete matches skipped)
✓ Saved match hQBRdcPN to output\json\matches_20250618.json

Fetching basic details for match hQBRdcPN...
✓ Teams: Greece W vs Switzerland W
✓ Date: 2025-06-18
✓ Time: 20:30:00
✓ Competition: EUROPE - EUROBASKET WOMEN - ROUND 1

Retrieving odds data for match {match.match_id}...
✓ Home/Away odds: 1.02 / 16.0

Over/Under Total:
✓ Selected Over/Under: 139.25 (O=1.86, U=1.94)

==================== Processing Match WvaRRHOc [3/8] ====================
--------------------------------------------------------------------
✓ Successfully processed match WvaRRHOc in 49.04 seconds
--------------------------------------------------------------------
Saved 1 complete matches to output\json\matches_20250618.json (0 incomplete matches skipped)
✓ Saved match WvaRRHOc to output\json\matches_20250618.json

Fetching basic details for match WvaRRHOc...
✓ Teams: Serbia W vs Italy W
✓ Date: 2025-06-18
✓ Time: 22:00:00
✓ Competition: EUROPE - EUROBASKET WOMEN - ROUND 1

Retrieving odds data for match {match.match_id}...
✓ Home/Away odds: 2.99 / 1.37

Over/Under Total:
✓ Selected Over/Under: 131.75 (O=1.84, U=1.96)

Fetching head-to-head (H2H) data for match WvaRRHOc...
✓ 17/06/2021	Serbia W		86  vs  81	Italy W
✓ 26/06/2013	Serbia W		85  vs  79	Italy W
✓ 07/06/2013	Serbia W		73  vs  62	Italy W
✓ 01/06/2013	Serbia W		73  vs  53	Italy W
✓ 04/06/2011	Italy W		76  vs  55	Serbia W
✓ 01/10/2007	Italy W		64  vs  43	Serbia W

==================== Processing Match 2Fqk084j [4/8] ====================
--------------------------------------------------------------------
✓ Successfully processed match 2Fqk084j in 50.14 seconds
--------------------------------------------------------------------
Saved 1 complete matches to output\json\matches_20250618.json (0 incomplete matches skipped)
✓ Saved match 2Fqk084j to output\json\matches_20250618.json

Fetching basic details for match 2Fqk084j...
✓ Teams: Ulm vs Bayern
✓ Date: 2025-06-18
✓ Time: 21:00:00
✓ Competition: GERMANY - BBL - PLAY OFFS - FINAL

Retrieving odds data for match {match.match_id}...
✓ Home/Away odds: 2.08 / 1.79

Over/Under Total:
✓ Selected Over/Under: 164.0 (O=1.87, U=1.91)

Fetching head-to-head (H2H) data for match 2Fqk084j...
Clicking 'Show more' button
✓ 15/06/2025	Bayern		82  vs  66	Ulm
✓ 08/04/2025	Ulm		109  vs  94	Bayern
✓ 17/03/2025	Bayern		70  vs  62	Ulm
✓ 01/05/2024	Ulm		74  vs  81	Bayern
✓ 18/02/2024	Bayern		81  vs  65	Ulm
✓ 17/12/2023	Bayern		95  vs  80	Ulm

==================== Processing Match vuk8BmGs [5/8] ====================
--------------------------------------------------------------------
✓ Successfully processed match vuk8BmGs in 53.12 seconds
--------------------------------------------------------------------
Saved 1 complete matches to output\json\matches_20250618.json (0 incomplete matches skipped)
✓ Saved match vuk8BmGs to output\json\matches_20250618.json

Fetching basic details for match vuk8BmGs...
✓ Teams: Sagesse Beirut vs Al-Riyadi
✓ Date: 2025-06-18
✓ Time: 21:45:00
✓ Competition: LEBANON - DIVISION 1

Retrieving odds data for match {match.match_id}...
✓ Home/Away odds: 2.5 / 1.51

Over/Under Total:
✓ Selected Over/Under: 178.75 (O=1.85, U=1.88)

Fetching head-to-head (H2H) data for match vuk8BmGs...
Clicking 'Show more' button
✓ 12/05/2025	Sagesse Beirut		71  vs  101	Al-Riyadi
✓ 09/04/2025	Al-Riyadi		100  vs  85	Sagesse Beirut
✓ 05/04/2025	Al-Riyadi		99  vs  92	Sagesse Beirut
✓ 08/03/2025	Sagesse Beirut		59  vs  86	Al-Riyadi
✓ 01/06/2024	Al-Riyadi		100  vs  90	Sagesse Beirut
✓ 27/05/2024	Sagesse Beirut		86  vs  95	Al-Riyadi

==================== Processing Match fJwuvLxJ [6/8] ====================
--------------------------------------------------------------------
✓ Successfully processed match fJwuvLxJ in 56.67 seconds
--------------------------------------------------------------------
Saved 1 complete matches to output\json\matches_20250618.json (0 incomplete matches skipped)
✓ Saved match fJwuvLxJ to output\json\matches_20250618.json

Fetching basic details for match fJwuvLxJ...
✓ Teams: Jonava vs Lietkabelis
✓ Date: 2025-06-18
✓ Time: 18:50:00
✓ Competition: LITHUANIA - LKL - PLAY OFFS - 3RD PLACE

Retrieving odds data for match {match.match_id}...
✓ Home/Away odds: 1.92 / 1.83

Over/Under Total:
✓ Selected Over/Under: 169.75 (O=1.84, U=1.96)

Fetching head-to-head (H2H) data for match fJwuvLxJ...
Clicking 'Show more' button
✓ 16/06/2025	Lietkabelis		92  vs  78	Jonava
✓ 13/06/2025	Jonava		85  vs  104	Lietkabelis
✓ 11/06/2025	Lietkabelis		83  vs  90	Jonava
✓ 13/05/2025	Lietkabelis		72  vs  68	Jonava
✓ 22/03/2025	Jonava		92  vs  87	Lietkabelis
✓ 08/02/2025	Lietkabelis		86  vs  88	Jonava

==================== Processing Match tM8XnFLG [7/8] ====================
--------------------------------------------------------------------
✓ Successfully processed match tM8XnFLG in 51.03 seconds
--------------------------------------------------------------------
Saved 1 complete matches to output\json\matches_20250618.json (0 incomplete matches skipped)
✓ Saved match tM8XnFLG to output\json\matches_20250618.json

Fetching basic details for match tM8XnFLG...
✓ Teams: Lublin vs Legia
✓ Date: 2025-06-18
✓ Time: 21:30:00
✓ Competition: POLAND - BASKET LIGA - PLAY OFFS - FINAL

Retrieving odds data for match {match.match_id}...
✓ Home/Away odds: 2.05 / 1.72

Over/Under Total:
✓ Selected Over/Under: 163.75 (O=1.86, U=1.95)

Fetching head-to-head (H2H) data for match tM8XnFLG...
Clicking 'Show more' button
✓ 16/06/2025	Legia		71  vs  77	Lublin
✓ 14/06/2025	Legia		90  vs  86	Lublin
✓ 11/06/2025	Lublin		78  vs  84	Legia
✓ 09/06/2025	Lublin		82  vs  81	Legia
✓ 02/02/2025	Legia		76  vs  88	Lublin
✓ 11/10/2024	Lublin		78  vs  89	Legia

==================== Processing Match YwhihqdJ [8/8] ====================
--------------------------------------------------------------------
✓ Successfully processed match YwhihqdJ in 141.15 seconds
--------------------------------------------------------------------
Saved 0 complete matches to output\json\matches_20250618.json (1 incomplete matches skipped)
✓ Saved match YwhihqdJ to output\json\matches_20250618.json

Fetching basic details for match YwhihqdJ...
✓ Teams: Puerto Rico U16 W vs Venezuela U16 W
✓ Date: 2025-06-18
✓ Time: 21:30:00
✓ Competition: WORLD - AMERICAS CHAMPIONSHIP U16 WOMEN


Total execution time: 582.66 seconds
======================================================================

WebDriver closed successfully
Error saving matches to database: 'MatchOddsModel' object has no attribute 'home_odds'
Error during save: 'MatchOddsModel' object has no attribute 'home_odds'
An error occurred: 'MatchOddsModel' object has no attribute 'home_odds'

==================== Starting Flashscore Basketball Scraper ====================
WebDriver initialized successfully
Found 8 scheduled matches
✓ Found 8 scheduled matches
--------------------------------------------------------------------------------

==================== Processing Match voCu4EWj [1/8] ====================
Match voCu4EWj already exists in output\json\matches_20250618.json - skipping
❌ Failed to process match voCu4EWj

==================== Processing Match hQBRdcPN [2/8] ====================
--------------------------------------------------------------------
✓ Successfully processed match hQBRdcPN in 119.30 seconds
--------------------------------------------------------------------
Saved 0 complete matches to output\json\matches_20250618.json (1 incomplete matches skipped)
✓ Saved match hQBRdcPN to output\json\matches_20250618.json

Fetching basic details for match hQBRdcPN...
✓ Teams: Greece W vs Switzerland W
✓ Date: 2025-06-18
✓ Time: 20:30:00
✓ Competition: EUROPE - EUROBASKET WOMEN - ROUND 1

Retrieving odds data for match {match.match_id}...
✓ Home/Away odds: 1.02 / 16.0

Over/Under Total:
✓ Selected Over/Under: 139.25 (O=1.86, U=1.94)

==================== Processing Match WvaRRHOc [3/8] ====================
Match WvaRRHOc already exists in output\json\matches_20250618.json - skipping
❌ Failed to process match WvaRRHOc

==================== Processing Match 2Fqk084j [4/8] ====================
Match 2Fqk084j already exists in output\json\matches_20250618.json - skipping
❌ Failed to process match 2Fqk084j

==================== Processing Match vuk8BmGs [5/8] ====================
Match vuk8BmGs already exists in output\json\matches_20250618.json - skipping
❌ Failed to process match vuk8BmGs

==================== Processing Match fJwuvLxJ [6/8] ====================
Match fJwuvLxJ already exists in output\json\matches_20250618.json - skipping
❌ Failed to process match fJwuvLxJ

==================== Processing Match tM8XnFLG [7/8] ====================
Match tM8XnFLG already exists in output\json\matches_20250618.json - skipping
❌ Failed to process match tM8XnFLG

==================== Processing Match YwhihqdJ [8/8] ====================
Retrying (Retry(total=2, connect=None, read=None, redirect=None, status=None)) after connection broken by 'ConnectionResetError(10054, 'An existing connection was forcibly closed by the remote host', None, 10054, None)': /session/4ba341fab9971dd1df4b76eefd5fd431

==================== Starting Flashscore Basketball Scraper ====================
WebDriver initialized successfully
Loaded 6 existing match IDs into memory
Found 8 scheduled matches
✓ Found 8 scheduled matches
--------------------------------------------------------------------------------

==================== Processing Match voCu4EWj [1/8] ====================
Match voCu4EWj already exists in JSON - skipping
❌ Failed to process match voCu4EWj

==================== Processing Match hQBRdcPN [2/8] ====================
Retrying (Retry(total=2, connect=None, read=None, redirect=None, status=None)) after connection broken by 'ConnectionResetError(10054, 'An existing connection was forcibly closed by the remote host', None, 10054, None)': /session/269cf648992b8c4f1ad1ffec84b9c0f2

==================== Starting Flashscore Basketball Scraper ====================
WebDriver initialized successfully
Loaded 6 existing match IDs into memory
Found 8 scheduled matches
✓ Found 8 scheduled matches
--------------------------------------------------------------------------------

==================== Processing Match voCu4EWj [1/8] ====================
Match voCu4EWj already exists in JSON - skipping
✓ Skipped match voCu4EWj (already processed)

==================== Processing Match hQBRdcPN [2/8] ====================
Retrying (Retry(total=2, connect=None, read=None, redirect=None, status=None)) after connection broken by 'ConnectionResetError(10054, 'An existing connection was forcibly closed by the remote host', None, 10054, None)': /session/11ccbac33f67c9999f00f4650ac5b2a4
Retrying (Retry(total=1, connect=None, read=None, redirect=None, status=None)) after connection broken by 'NewConnectionError('<urllib3.connection.HTTPConnection object at 0x0000027025E4CFE0>: Failed to establish a new connection: [WinError 10061] No connection could be made because the target machine actively refused it')': /session/11ccbac33f67c9999f00f4650ac5b2a4
Retrying (Retry(total=0, connect=None, read=None, redirect=None, status=None)) after connection broken by 'NewConnectionError('<urllib3.connection.HTTPConnection object at 0x0000027025E4CE90>: Failed to establish a new connection: [WinError 10061] No connection could be made because the target machine actively refused it')': /session/11ccbac33f67c9999f00f4650ac5b2a4

==================== Starting Flashscore Basketball Scraper ====================
WebDriver initialized successfully
Loaded 6 existing match IDs into memory
Found 8 scheduled matches
✓ Found 8 scheduled matches
--------------------------------------------------------------------------------

==================== Processing Match voCu4EWj [1/8] ====================
Match voCu4EWj already exists in JSON - skipping
✓ Skipped match voCu4EWj (already processed)

==================== Processing Match hQBRdcPN [2/8] ====================
--------------------------------------------------------------------
✓ Successfully processed match hQBRdcPN in 108.50 seconds
--------------------------------------------------------------------
Saved 0 complete matches to output\json\matches_20250618.json (1 incomplete matches skipped)
✓ Saved match hQBRdcPN to output\json\matches_20250618.json

Fetching basic details for match hQBRdcPN...
✓ Teams: Greece W vs Switzerland W
✓ Date: 2025-06-18
✓ Time: 20:30:00
✓ Competition: EUROPE - EUROBASKET WOMEN - ROUND 1

Retrieving odds data for match {match.match_id}...
✓ Home/Away odds: 1.02 / 16.0

Over/Under Total:
✓ Selected Over/Under: 139.25 (O=1.86, U=1.94)

==================== Processing Match WvaRRHOc [3/8] ====================
Match WvaRRHOc already exists in JSON - skipping
✓ Skipped match WvaRRHOc (already processed)

==================== Processing Match 2Fqk084j [4/8] ====================
Match 2Fqk084j already exists in JSON - skipping
✓ Skipped match 2Fqk084j (already processed)

==================== Processing Match vuk8BmGs [5/8] ====================
Match vuk8BmGs already exists in JSON - skipping
✓ Skipped match vuk8BmGs (already processed)

==================== Processing Match fJwuvLxJ [6/8] ====================
Match fJwuvLxJ already exists in JSON - skipping
✓ Skipped match fJwuvLxJ (already processed)

==================== Processing Match tM8XnFLG [7/8] ====================
Match tM8XnFLG already exists in JSON - skipping
✓ Skipped match tM8XnFLG (already processed)

==================== Processing Match YwhihqdJ [8/8] ====================
--------------------------------------------------------------------
✓ Successfully processed match YwhihqdJ in 139.75 seconds
--------------------------------------------------------------------
Saved 0 complete matches to output\json\matches_20250618.json (1 incomplete matches skipped)
✓ Saved match YwhihqdJ to output\json\matches_20250618.json

Fetching basic details for match YwhihqdJ...
✓ Teams: Puerto Rico U16 W vs Venezuela U16 W
✓ Date: 2025-06-18
✓ Time: 21:30:00
✓ Competition: WORLD - AMERICAS CHAMPIONSHIP U16 WOMEN


Total execution time: 256.48 seconds
======================================================================

WebDriver closed successfully
Error saving matches to database: 'MatchOddsModel' object has no attribute 'home_odds'
Error during save: 'MatchOddsModel' object has no attribute 'home_odds'
An error occurred: 'MatchOddsModel' object has no attribute 'home_odds'

==================== Starting Flashscore Basketball Scraper ====================
WebDriver initialized successfully
Loaded 6 existing match IDs into memory
Found 7 scheduled matches
✓ Found 7 scheduled matches
--------------------------------------------------------------------------------

==================== Processing Match hQBRdcPN [1/7] ====================
⏭️ Skipped match hQBRdcPN (insufficient H2H matches: 0 available, minimum 6 required)
❌ Failed to process match hQBRdcPN

==================== Processing Match WvaRRHOc [2/7] ====================
Match WvaRRHOc already exists in JSON - skipping
✓ Skipped match WvaRRHOc (already processed)

==================== Processing Match 2Fqk084j [3/7] ====================
Match 2Fqk084j already exists in JSON - skipping
✓ Skipped match 2Fqk084j (already processed)

==================== Processing Match vuk8BmGs [4/7] ====================
Match vuk8BmGs already exists in JSON - skipping
✓ Skipped match vuk8BmGs (already processed)

==================== Processing Match fJwuvLxJ [5/7] ====================
Match fJwuvLxJ already exists in JSON - skipping
✓ Skipped match fJwuvLxJ (already processed)

==================== Processing Match tM8XnFLG [6/7] ====================
Match tM8XnFLG already exists in JSON - skipping
✓ Skipped match tM8XnFLG (already processed)

==================== Processing Match YwhihqdJ [7/7] ====================
⏭️ Skipped match YwhihqdJ (insufficient H2H matches: 0 available, minimum 6 required)
❌ Failed to process match YwhihqdJ

Total execution time: 62.22 seconds
======================================================================

WebDriver closed successfully
No matches to save

==================== Starting Flashscore Basketball Scraper ====================
WebDriver initialized successfully
Loaded 6 existing match IDs into memory
Found 7 scheduled matches
✓ Found 7 scheduled matches
--------------------------------------------------------------------------------

==================== Processing Match hQBRdcPN [1/7] ====================

==================== Starting Flashscore Basketball Scraper ====================
WebDriver initialized successfully
Loaded 6 existing match IDs into memory (6 complete, 0 incomplete)
Found 7 scheduled matches
✓ Found 7 scheduled matches
--------------------------------------------------------------------------------

==================== Processing Match hQBRdcPN [1/7] ====================
⏭️ Skipped match hQBRdcPN (insufficient H2H matches: 0 available, minimum 6 required)
❌ Failed to process match hQBRdcPN

==================== Processing Match WvaRRHOc [2/7] ====================
⏭️ Skipped match WvaRRHOc (already processed)
✓ Skipped match WvaRRHOc (already processed)

==================== Processing Match 2Fqk084j [3/7] ====================
⏭️ Skipped match 2Fqk084j (already processed)
✓ Skipped match 2Fqk084j (already processed)

==================== Processing Match vuk8BmGs [4/7] ====================
⏭️ Skipped match vuk8BmGs (already processed)
✓ Skipped match vuk8BmGs (already processed)

==================== Processing Match fJwuvLxJ [5/7] ====================
⏭️ Skipped match fJwuvLxJ (already processed)
✓ Skipped match fJwuvLxJ (already processed)

==================== Processing Match tM8XnFLG [6/7] ====================
⏭️ Skipped match tM8XnFLG (already processed)
✓ Skipped match tM8XnFLG (already processed)

==================== Processing Match YwhihqdJ [7/7] ====================
⏭️ Skipped match YwhihqdJ (insufficient H2H matches: 0 available, minimum 6 required)
❌ Failed to process match YwhihqdJ

Total execution time: 33.68 seconds
======================================================================

WebDriver closed successfully
No matches to save

==================== Starting Flashscore Basketball Scraper ====================
WebDriver initialized successfully
Loaded 6 existing match IDs into memory (6 complete, 0 incomplete)
Found 6 scheduled matches
✓ Found 6 scheduled matches
--------------------------------------------------------------------------------

==================== Processing Match hQBRdcPN [1/6] ====================
⏭️ Skipped match hQBRdcPN (insufficient H2H matches: 0 available, minimum 6 required)
❌ Failed to process match hQBRdcPN

==================== Processing Match WvaRRHOc [2/6] ====================
⏭️ Skipped match WvaRRHOc (already processed)
✓ Skipped match WvaRRHOc (already processed)

==================== Processing Match 2Fqk084j [3/6] ====================
⏭️ Skipped match 2Fqk084j (already processed)
✓ Skipped match 2Fqk084j (already processed)

==================== Processing Match vuk8BmGs [4/6] ====================
⏭️ Skipped match vuk8BmGs (already processed)
✓ Skipped match vuk8BmGs (already processed)

==================== Processing Match tM8XnFLG [5/6] ====================
⏭️ Skipped match tM8XnFLG (already processed)
✓ Skipped match tM8XnFLG (already processed)

==================== Processing Match YwhihqdJ [6/6] ====================
⏭️ Skipped match YwhihqdJ (insufficient H2H matches: 0 available, minimum 6 required)
❌ Failed to process match YwhihqdJ

Total execution time: 37.53 seconds
======================================================================

WebDriver closed successfully
No matches to save

==================== Starting Flashscore Basketball Scraper ====================
WebDriver initialized successfully
Loaded 6 existing match IDs into memory (6 complete, 0 incomplete)
Found 6 scheduled matches
✓ Found 6 scheduled matches
--------------------------------------------------------------------------------

==================== Processing Match hQBRdcPN [1/6] ====================
⏭️ Skipped match hQBRdcPN (insufficient H2H matches: 0 available, minimum 6 required)
❌ Failed to process match hQBRdcPN

==================== Processing Match WvaRRHOc [2/6] ====================
⏭️ Skipped match WvaRRHOc (already processed)
✓ Skipped match WvaRRHOc (already processed)

==================== Processing Match 2Fqk084j [3/6] ====================
⏭️ Skipped match 2Fqk084j (already processed)
✓ Skipped match 2Fqk084j (already processed)

==================== Processing Match vuk8BmGs [4/6] ====================
⏭️ Skipped match vuk8BmGs (already processed)
✓ Skipped match vuk8BmGs (already processed)

==================== Processing Match tM8XnFLG [5/6] ====================
⏭️ Skipped match tM8XnFLG (already processed)
✓ Skipped match tM8XnFLG (already processed)

==================== Processing Match YwhihqdJ [6/6] ====================
⏭️ Skipped match YwhihqdJ (insufficient H2H matches: 0 available, minimum 6 required)
❌ Failed to process match YwhihqdJ

Total execution time: 46.89 seconds
======================================================================

WebDriver closed successfully
No matches to save

==================== Starting Flashscore Basketball Scraper ====================
Error sending stats to Plausible: error sending request for url (https://plausible.io/api/event): operation timed out
WebDriver initialized successfully
Error loading existing match IDs: Expecting value: line 1 column 1 (char 0)

==================== Starting Flashscore Basketball Scraper ====================
WebDriver initialized successfully
No existing match IDs found - starting fresh
Found 6 scheduled matches
✓ Found 6 scheduled matches
--------------------------------------------------------------------------------

==================== Processing Match hQBRdcPN [1/6] ====================
Retrying (Retry(total=2, connect=None, read=None, redirect=None, status=None)) after connection broken by 'ConnectionResetError(10054, 'An existing connection was forcibly closed by the remote host', None, 10054, None)': /session/42d47ec85cdc1687a54beac3a30d167c

==================== Starting Flashscore Basketball Scraper ====================
WebDriver initialized successfully
JSON file at output\json\matches_20250618.json is empty - starting fresh
Found 6 scheduled matches
✓ Found 6 scheduled matches
--------------------------------------------------------------------------------

==================== Processing Match hQBRdcPN [1/6] ====================
Error checking H2H availability for match hQBRdcPN: 'tab'
⏭️ Skipped match hQBRdcPN (insufficient H2H matches: 0 available, minimum 6 required)

Fetching basic details for match hQBRdcPN...
✓ Teams:  vs 
✓ Date: 2025-06-18
✓ Time: 
✓ Competition:  - 


==================== Processing Match WvaRRHOc [2/6] ====================
Error checking H2H availability for match WvaRRHOc: 'tab'
⏭️ Skipped match WvaRRHOc (insufficient H2H matches: 0 available, minimum 6 required)

Fetching basic details for match WvaRRHOc...
✓ Teams:  vs 
✓ Date: 2025-06-18
✓ Time: 
✓ Competition:  - 


==================== Processing Match 2Fqk084j [3/6] ====================
Error checking H2H availability for match 2Fqk084j: 'tab'
⏭️ Skipped match 2Fqk084j (insufficient H2H matches: 0 available, minimum 6 required)

Fetching basic details for match 2Fqk084j...
✓ Teams:  vs 
✓ Date: 2025-06-18
✓ Time: 
✓ Competition:  - 


==================== Processing Match vuk8BmGs [4/6] ====================
Error checking H2H availability for match vuk8BmGs: 'tab'
⏭️ Skipped match vuk8BmGs (insufficient H2H matches: 0 available, minimum 6 required)

Fetching basic details for match vuk8BmGs...
✓ Teams:  vs 
✓ Date: 2025-06-18
✓ Time: 
✓ Competition:  - 


==================== Processing Match tM8XnFLG [5/6] ====================
Error checking H2H availability for match tM8XnFLG: 'tab'
⏭️ Skipped match tM8XnFLG (insufficient H2H matches: 0 available, minimum 6 required)

Fetching basic details for match tM8XnFLG...
✓ Teams:  vs 
✓ Date: 2025-06-18
✓ Time: 
✓ Competition:  - 


==================== Processing Match YwhihqdJ [6/6] ====================
Error checking H2H availability for match YwhihqdJ: 'tab'
⏭️ Skipped match YwhihqdJ (insufficient H2H matches: 0 available, minimum 6 required)

Fetching basic details for match YwhihqdJ...
✓ Teams:  vs 
✓ Date: 2025-06-18
✓ Time: 
✓ Competition:  - 


Total execution time: 35.94 seconds
======================================================================

WebDriver closed successfully
Saved 6 matches to database
Error during save: division by zero
An error occurred: division by zero

==================== Starting Flashscore Basketball Scraper ====================
WebDriver initialized successfully
JSON file at output\json\matches_20250618.json is empty - starting fresh
Found 6 scheduled matches
✓ Found 6 scheduled matches
--------------------------------------------------------------------------------

==================== Processing Match hQBRdcPN [1/6] ====================
Failed to parse H2H row: 'team'
Failed to parse H2H row: 'team'
⏭️ Skipped match hQBRdcPN (insufficient H2H matches: 0 available, minimum 6 required)

Fetching basic details for match hQBRdcPN...
✓ Teams: Greece W vs Switzerland W
✓ Date: 2025-06-18
✓ Time: 20:30:00
✓ Competition: EUROPE - EUROBASKET WOMEN - ROUND 1


==================== Processing Match WvaRRHOc [2/6] ====================
⏭️ Skipped match WvaRRHOc (insufficient H2H matches: 0 available, minimum 6 required)

Fetching basic details for match WvaRRHOc...
✓ Teams: Serbia W vs Italy W
✓ Date: 2025-06-18
✓ Time: 22:00:00
✓ Competition: EUROPE - EUROBASKET WOMEN - ROUND 1


==================== Processing Match 2Fqk084j [3/6] ====================

==================== Starting Flashscore Basketball Scraper ====================
WebDriver initialized successfully
JSON file at output\json\matches_20250618.json is empty - starting fresh
Found 6 scheduled matches
✓ Found 6 scheduled matches
--------------------------------------------------------------------------------
Retrying (Retry(total=2, connect=None, read=None, redirect=None, status=None)) after connection broken by 'ConnectionResetError(10054, 'An existing connection was forcibly closed by the remote host', None, 10054, None)': /session/7a55c6675836dd467f9b721382a660a8
Retrying (Retry(total=1, connect=None, read=None, redirect=None, status=None)) after connection broken by 'NewConnectionError('<urllib3.connection.HTTPConnection object at 0x0000012B4DDD9D60>: Failed to establish a new connection: [WinError 10061] No connection could be made because the target machine actively refused it')': /session/7a55c6675836dd467f9b721382a660a8

==================== Starting Flashscore Basketball Scraper ====================
WebDriver initialized successfully
JSON file at output\json\matches_20250618.json is empty - starting fresh
Found 5 scheduled matches
✓ Found 5 scheduled matches
--------------------------------------------------------------------------------
Could not find match info navigation
Error processing match WvaRRHOc: tuple indices must be integers or slices, not str

Could not find match info navigation
Error processing match 2Fqk084j: tuple indices must be integers or slices, not str

Could not find match info navigation
Error processing match vuk8BmGs: tuple indices must be integers or slices, not str

Could not find match info navigation
Error processing match tM8XnFLG: tuple indices must be integers or slices, not str

Could not find match info navigation
Error processing match YwhihqdJ: tuple indices must be integers or slices, not str


Total execution time: 69.90 seconds
======================================================================

WebDriver closed successfully
No matches to save
